<?xml version="1.0" encoding="UTF-8"?>
<testsuite xmlns:xsi="http://www.w3.org/2001/XMLSchema-instance" xsi:noNamespaceSchemaLocation="https://maven.apache.org/surefire/maven-surefire-plugin/xsd/surefire-test-report.xsd" version="3.0.2" name="io.cucumber.junit.platform.engine.CucumberTestEngine" time="0.444" tests="40" errors="0" skipped="0" failures="0">
  <properties>
    <property name="java.specification.version" value="23"/>
    <property name="sun.cpu.isalist" value="amd64"/>
    <property name="sun.jnu.encoding" value="Cp1252"/>
    <property name="java.class.path" value="C:\Users\benja\Documents\02161\02161-Software_Engineering\javaFX_project\target\test-classes;C:\Users\benja\.m2\repository\io\cucumber\cucumber-java\7.20.1\cucumber-java-7.20.1.jar;C:\Users\benja\.m2\repository\io\cucumber\cucumber-core\7.20.1\cucumber-core-7.20.1.jar;C:\Users\benja\.m2\repository\io\cucumber\cucumber-gherkin\7.20.1\cucumber-gherkin-7.20.1.jar;C:\Users\benja\.m2\repository\io\cucumber\cucumber-gherkin-messages\7.20.1\cucumber-gherkin-messages-7.20.1.jar;C:\Users\benja\.m2\repository\io\cucumber\gherkin\28.0.0\gherkin-28.0.0.jar;C:\Users\benja\.m2\repository\io\cucumber\messages\24.1.0\messages-24.1.0.jar;C:\Users\benja\.m2\repository\io\cucumber\testng-xml-formatter\0.2.0\testng-xml-formatter-0.2.0.jar;C:\Users\benja\.m2\repository\io\cucumber\query\12.2.0\query-12.2.0.jar;C:\Users\benja\.m2\repository\io\cucumber\tag-expressions\6.1.0\tag-expressions-6.1.0.jar;C:\Users\benja\.m2\repository\io\cucumber\cucumber-expressions\17.1.0\cucumber-expressions-17.1.0.jar;C:\Users\benja\.m2\repository\io\cucumber\datatable\7.20.1\datatable-7.20.1.jar;C:\Users\benja\.m2\repository\io\cucumber\cucumber-plugin\7.20.1\cucumber-plugin-7.20.1.jar;C:\Users\benja\.m2\repository\io\cucumber\docstring\7.20.1\docstring-7.20.1.jar;C:\Users\benja\.m2\repository\io\cucumber\html-formatter\21.7.0\html-formatter-21.7.0.jar;C:\Users\benja\.m2\repository\io\cucumber\junit-xml-formatter\0.5.0\junit-xml-formatter-0.5.0.jar;C:\Users\benja\.m2\repository\io\cucumber\ci-environment\10.0.1\ci-environment-10.0.1.jar;C:\Users\benja\.m2\repository\org\apiguardian\apiguardian-api\1.1.2\apiguardian-api-1.1.2.jar;C:\Users\benja\.m2\repository\io\cucumber\cucumber-junit-platform-engine\7.20.1\cucumber-junit-platform-engine-7.20.1.jar;C:\Users\benja\.m2\repository\org\junit\platform\junit-platform-engine\1.11.2\junit-platform-engine-1.11.2.jar;C:\Users\benja\.m2\repository\org\opentest4j\opentest4j\1.3.0\opentest4j-1.3.0.jar;C:\Users\benja\.m2\repository\org\junit\platform\junit-platform-commons\1.11.2\junit-platform-commons-1.11.2.jar;C:\Users\benja\.m2\repository\io\cucumber\cucumber-picocontainer\7.20.1\cucumber-picocontainer-7.20.1.jar;C:\Users\benja\.m2\repository\org\picocontainer\picocontainer\2.15\picocontainer-2.15.jar;C:\Users\benja\.m2\repository\org\junit\platform\junit-platform-suite\1.11.2\junit-platform-suite-1.11.2.jar;C:\Users\benja\.m2\repository\org\junit\platform\junit-platform-suite-api\1.11.2\junit-platform-suite-api-1.11.2.jar;C:\Users\benja\.m2\repository\org\junit\platform\junit-platform-suite-engine\1.11.2\junit-platform-suite-engine-1.11.2.jar;C:\Users\benja\.m2\repository\org\junit\platform\junit-platform-suite-commons\1.11.2\junit-platform-suite-commons-1.11.2.jar;C:\Users\benja\.m2\repository\org\junit\platform\junit-platform-launcher\1.11.2\junit-platform-launcher-1.11.2.jar;C:\Users\benja\.m2\repository\org\junit\jupiter\junit-jupiter\5.11.2\junit-jupiter-5.11.2.jar;C:\Users\benja\.m2\repository\org\junit\jupiter\junit-jupiter-api\5.11.2\junit-jupiter-api-5.11.2.jar;C:\Users\benja\.m2\repository\org\junit\jupiter\junit-jupiter-params\5.11.2\junit-jupiter-params-5.11.2.jar;C:\Users\benja\.m2\repository\org\junit\jupiter\junit-jupiter-engine\5.11.2\junit-jupiter-engine-5.11.2.jar;C:\Users\benja\.m2\repository\org\mockito\mockito-core\5.15.2\mockito-core-5.15.2.jar;C:\Users\benja\.m2\repository\net\bytebuddy\byte-buddy\1.15.11\byte-buddy-1.15.11.jar;C:\Users\benja\.m2\repository\net\bytebuddy\byte-buddy-agent\1.15.11\byte-buddy-agent-1.15.11.jar;C:\Users\benja\.m2\repository\org\objenesis\objenesis\3.3\objenesis-3.3.jar;C:\Users\benja\.m2\repository\org\openjfx\javafx-controls\23-ea+3\javafx-controls-23-ea+3.jar;C:\Users\benja\.m2\repository\org\openjfx\javafx-graphics\23-ea+3\javafx-graphics-23-ea+3.jar;C:\Users\benja\.m2\repository\org\openjfx\javafx-base\23-ea+3\javafx-base-23-ea+3.jar;C:\Users\benja\.m2\repository\org\openjfx\javafx-fxml\23-ea+3\javafx-fxml-23-ea+3.jar;"/>
    <property name="java.vm.vendor" value="Oracle Corporation"/>
    <property name="sun.arch.data.model" value="64"/>
    <property name="user.variant" value=""/>
    <property name="java.vendor.url" value="https://java.oracle.com/"/>
    <property name="user.timezone" value="Europe/Copenhagen"/>
    <property name="os.name" value="Windows 11"/>
    <property name="java.vm.specification.version" value="23"/>
    <property name="sun.java.launcher" value="SUN_STANDARD"/>
    <property name="user.country" value="US"/>
    <property name="sun.boot.library.path" value="C:\Program Files\Java\jdk-23\bin"/>
    <property name="sun.java.command" value="org.apache.maven.surefire.booter.ForkedBooter C:\Users\benja\AppData\Local\Temp\surefire9247511561890572311 2025-05-10T21-48-46_267-jvmRun1 surefire-20250510214846499_1tmp surefire_0-20250510214846499_2tmp"/>
    <property name="jdk.debug" value="release"/>
    <property name="surefire.test.class.path" value="C:\Users\benja\Documents\02161\02161-Software_Engineering\javaFX_project\target\test-classes;C:\Users\benja\.m2\repository\io\cucumber\cucumber-java\7.20.1\cucumber-java-7.20.1.jar;C:\Users\benja\.m2\repository\io\cucumber\cucumber-core\7.20.1\cucumber-core-7.20.1.jar;C:\Users\benja\.m2\repository\io\cucumber\cucumber-gherkin\7.20.1\cucumber-gherkin-7.20.1.jar;C:\Users\benja\.m2\repository\io\cucumber\cucumber-gherkin-messages\7.20.1\cucumber-gherkin-messages-7.20.1.jar;C:\Users\benja\.m2\repository\io\cucumber\gherkin\28.0.0\gherkin-28.0.0.jar;C:\Users\benja\.m2\repository\io\cucumber\messages\24.1.0\messages-24.1.0.jar;C:\Users\benja\.m2\repository\io\cucumber\testng-xml-formatter\0.2.0\testng-xml-formatter-0.2.0.jar;C:\Users\benja\.m2\repository\io\cucumber\query\12.2.0\query-12.2.0.jar;C:\Users\benja\.m2\repository\io\cucumber\tag-expressions\6.1.0\tag-expressions-6.1.0.jar;C:\Users\benja\.m2\repository\io\cucumber\cucumber-expressions\17.1.0\cucumber-expressions-17.1.0.jar;C:\Users\benja\.m2\repository\io\cucumber\datatable\7.20.1\datatable-7.20.1.jar;C:\Users\benja\.m2\repository\io\cucumber\cucumber-plugin\7.20.1\cucumber-plugin-7.20.1.jar;C:\Users\benja\.m2\repository\io\cucumber\docstring\7.20.1\docstring-7.20.1.jar;C:\Users\benja\.m2\repository\io\cucumber\html-formatter\21.7.0\html-formatter-21.7.0.jar;C:\Users\benja\.m2\repository\io\cucumber\junit-xml-formatter\0.5.0\junit-xml-formatter-0.5.0.jar;C:\Users\benja\.m2\repository\io\cucumber\ci-environment\10.0.1\ci-environment-10.0.1.jar;C:\Users\benja\.m2\repository\org\apiguardian\apiguardian-api\1.1.2\apiguardian-api-1.1.2.jar;C:\Users\benja\.m2\repository\io\cucumber\cucumber-junit-platform-engine\7.20.1\cucumber-junit-platform-engine-7.20.1.jar;C:\Users\benja\.m2\repository\org\junit\platform\junit-platform-engine\1.11.2\junit-platform-engine-1.11.2.jar;C:\Users\benja\.m2\repository\org\opentest4j\opentest4j\1.3.0\opentest4j-1.3.0.jar;C:\Users\benja\.m2\repository\org\junit\platform\junit-platform-commons\1.11.2\junit-platform-commons-1.11.2.jar;C:\Users\benja\.m2\repository\io\cucumber\cucumber-picocontainer\7.20.1\cucumber-picocontainer-7.20.1.jar;C:\Users\benja\.m2\repository\org\picocontainer\picocontainer\2.15\picocontainer-2.15.jar;C:\Users\benja\.m2\repository\org\junit\platform\junit-platform-suite\1.11.2\junit-platform-suite-1.11.2.jar;C:\Users\benja\.m2\repository\org\junit\platform\junit-platform-suite-api\1.11.2\junit-platform-suite-api-1.11.2.jar;C:\Users\benja\.m2\repository\org\junit\platform\junit-platform-suite-engine\1.11.2\junit-platform-suite-engine-1.11.2.jar;C:\Users\benja\.m2\repository\org\junit\platform\junit-platform-suite-commons\1.11.2\junit-platform-suite-commons-1.11.2.jar;C:\Users\benja\.m2\repository\org\junit\platform\junit-platform-launcher\1.11.2\junit-platform-launcher-1.11.2.jar;C:\Users\benja\.m2\repository\org\junit\jupiter\junit-jupiter\5.11.2\junit-jupiter-5.11.2.jar;C:\Users\benja\.m2\repository\org\junit\jupiter\junit-jupiter-api\5.11.2\junit-jupiter-api-5.11.2.jar;C:\Users\benja\.m2\repository\org\junit\jupiter\junit-jupiter-params\5.11.2\junit-jupiter-params-5.11.2.jar;C:\Users\benja\.m2\repository\org\junit\jupiter\junit-jupiter-engine\5.11.2\junit-jupiter-engine-5.11.2.jar;C:\Users\benja\.m2\repository\org\mockito\mockito-core\5.15.2\mockito-core-5.15.2.jar;C:\Users\benja\.m2\repository\net\bytebuddy\byte-buddy\1.15.11\byte-buddy-1.15.11.jar;C:\Users\benja\.m2\repository\net\bytebuddy\byte-buddy-agent\1.15.11\byte-buddy-agent-1.15.11.jar;C:\Users\benja\.m2\repository\org\objenesis\objenesis\3.3\objenesis-3.3.jar;C:\Users\benja\.m2\repository\org\openjfx\javafx-controls\23-ea+3\javafx-controls-23-ea+3.jar;C:\Users\benja\.m2\repository\org\openjfx\javafx-graphics\23-ea+3\javafx-graphics-23-ea+3.jar;C:\Users\benja\.m2\repository\org\openjfx\javafx-base\23-ea+3\javafx-base-23-ea+3.jar;C:\Users\benja\.m2\repository\org\openjfx\javafx-fxml\23-ea+3\javafx-fxml-23-ea+3.jar;"/>
    <property name="sun.cpu.endian" value="little"/>
    <property name="user.home" value="C:\Users\benja"/>
    <property name="user.language" value="en"/>
    <property name="java.specification.vendor" value="Oracle Corporation"/>
    <property name="jdk.module.path" value="C:\Users\benja\Documents\02161\02161-Software_Engineering\javaFX_project\target\classes;C:\Users\benja\.m2\repository\org\openjfx\javafx-controls\23-ea+3\javafx-controls-23-ea+3-win.jar;C:\Users\benja\.m2\repository\org\openjfx\javafx-graphics\23-ea+3\javafx-graphics-23-ea+3-win.jar;C:\Users\benja\.m2\repository\org\openjfx\javafx-base\23-ea+3\javafx-base-23-ea+3-win.jar;C:\Users\benja\.m2\repository\org\openjfx\javafx-fxml\23-ea+3\javafx-fxml-23-ea+3-win.jar"/>
    <property name="java.version.date" value="2024-09-17"/>
    <property name="java.home" value="C:\Program Files\Java\jdk-23"/>
    <property name="file.separator" value="\"/>
    <property name="basedir" value="C:\Users\benja\Documents\02161\02161-Software_Engineering\javaFX_project"/>
    <property name="java.vm.compressedOopsMode" value="Zero based"/>
    <property name="line.separator" value="&#10;"/>
    <property name="java.vm.specification.vendor" value="Oracle Corporation"/>
    <property name="java.specification.name" value="Java Platform API Specification"/>
    <property name="surefire.real.class.path" value="C:\Users\benja\.m2\repository\org\apache\maven\surefire\surefire-booter\3.5.1\surefire-booter-3.5.1.jar;C:\Users\benja\.m2\repository\org\apache\maven\surefire\surefire-api\3.5.1\surefire-api-3.5.1.jar;C:\Users\benja\.m2\repository\org\apache\maven\surefire\surefire-extensions-spi\3.5.1\surefire-extensions-spi-3.5.1.jar;C:\Users\benja\.m2\repository\org\apache\maven\surefire\surefire-shared-utils\3.5.1\surefire-shared-utils-3.5.1.jar;C:\Users\benja\.m2\repository\org\apache\maven\surefire\surefire-logger-api\3.5.1\surefire-logger-api-3.5.1.jar;C:\Users\benja\Documents\02161\02161-Software_Engineering\javaFX_project\target\test-classes;C:\Users\benja\.m2\repository\io\cucumber\cucumber-java\7.20.1\cucumber-java-7.20.1.jar;C:\Users\benja\.m2\repository\io\cucumber\cucumber-core\7.20.1\cucumber-core-7.20.1.jar;C:\Users\benja\.m2\repository\io\cucumber\cucumber-gherkin\7.20.1\cucumber-gherkin-7.20.1.jar;C:\Users\benja\.m2\repository\io\cucumber\cucumber-gherkin-messages\7.20.1\cucumber-gherkin-messages-7.20.1.jar;C:\Users\benja\.m2\repository\io\cucumber\gherkin\28.0.0\gherkin-28.0.0.jar;C:\Users\benja\.m2\repository\io\cucumber\messages\24.1.0\messages-24.1.0.jar;C:\Users\benja\.m2\repository\io\cucumber\testng-xml-formatter\0.2.0\testng-xml-formatter-0.2.0.jar;C:\Users\benja\.m2\repository\io\cucumber\query\12.2.0\query-12.2.0.jar;C:\Users\benja\.m2\repository\io\cucumber\tag-expressions\6.1.0\tag-expressions-6.1.0.jar;C:\Users\benja\.m2\repository\io\cucumber\cucumber-expressions\17.1.0\cucumber-expressions-17.1.0.jar;C:\Users\benja\.m2\repository\io\cucumber\datatable\7.20.1\datatable-7.20.1.jar;C:\Users\benja\.m2\repository\io\cucumber\cucumber-plugin\7.20.1\cucumber-plugin-7.20.1.jar;C:\Users\benja\.m2\repository\io\cucumber\docstring\7.20.1\docstring-7.20.1.jar;C:\Users\benja\.m2\repository\io\cucumber\html-formatter\21.7.0\html-formatter-21.7.0.jar;C:\Users\benja\.m2\repository\io\cucumber\junit-xml-formatter\0.5.0\junit-xml-formatter-0.5.0.jar;C:\Users\benja\.m2\repository\io\cucumber\ci-environment\10.0.1\ci-environment-10.0.1.jar;C:\Users\benja\.m2\repository\org\apiguardian\apiguardian-api\1.1.2\apiguardian-api-1.1.2.jar;C:\Users\benja\.m2\repository\io\cucumber\cucumber-junit-platform-engine\7.20.1\cucumber-junit-platform-engine-7.20.1.jar;C:\Users\benja\.m2\repository\org\junit\platform\junit-platform-engine\1.11.2\junit-platform-engine-1.11.2.jar;C:\Users\benja\.m2\repository\org\opentest4j\opentest4j\1.3.0\opentest4j-1.3.0.jar;C:\Users\benja\.m2\repository\org\junit\platform\junit-platform-commons\1.11.2\junit-platform-commons-1.11.2.jar;C:\Users\benja\.m2\repository\io\cucumber\cucumber-picocontainer\7.20.1\cucumber-picocontainer-7.20.1.jar;C:\Users\benja\.m2\repository\org\picocontainer\picocontainer\2.15\picocontainer-2.15.jar;C:\Users\benja\.m2\repository\org\junit\platform\junit-platform-suite\1.11.2\junit-platform-suite-1.11.2.jar;C:\Users\benja\.m2\repository\org\junit\platform\junit-platform-suite-api\1.11.2\junit-platform-suite-api-1.11.2.jar;C:\Users\benja\.m2\repository\org\junit\platform\junit-platform-suite-engine\1.11.2\junit-platform-suite-engine-1.11.2.jar;C:\Users\benja\.m2\repository\org\junit\platform\junit-platform-suite-commons\1.11.2\junit-platform-suite-commons-1.11.2.jar;C:\Users\benja\.m2\repository\org\junit\platform\junit-platform-launcher\1.11.2\junit-platform-launcher-1.11.2.jar;C:\Users\benja\.m2\repository\org\junit\jupiter\junit-jupiter\5.11.2\junit-jupiter-5.11.2.jar;C:\Users\benja\.m2\repository\org\junit\jupiter\junit-jupiter-api\5.11.2\junit-jupiter-api-5.11.2.jar;C:\Users\benja\.m2\repository\org\junit\jupiter\junit-jupiter-params\5.11.2\junit-jupiter-params-5.11.2.jar;C:\Users\benja\.m2\repository\org\junit\jupiter\junit-jupiter-engine\5.11.2\junit-jupiter-engine-5.11.2.jar;C:\Users\benja\.m2\repository\org\mockito\mockito-core\5.15.2\mockito-core-5.15.2.jar;C:\Users\benja\.m2\repository\net\bytebuddy\byte-buddy\1.15.11\byte-buddy-1.15.11.jar;C:\Users\benja\.m2\repository\net\bytebuddy\byte-buddy-agent\1.15.11\byte-buddy-agent-1.15.11.jar;C:\Users\benja\.m2\repository\org\objenesis\objenesis\3.3\objenesis-3.3.jar;C:\Users\benja\.m2\repository\org\openjfx\javafx-controls\23-ea+3\javafx-controls-23-ea+3.jar;C:\Users\benja\.m2\repository\org\openjfx\javafx-graphics\23-ea+3\javafx-graphics-23-ea+3.jar;C:\Users\benja\.m2\repository\org\openjfx\javafx-base\23-ea+3\javafx-base-23-ea+3.jar;C:\Users\benja\.m2\repository\org\openjfx\javafx-fxml\23-ea+3\javafx-fxml-23-ea+3.jar;C:\Users\benja\.m2\repository\org\apache\maven\surefire\surefire-junit-platform\3.5.1\surefire-junit-platform-3.5.1.jar;C:\Users\benja\.m2\repository\org\apache\maven\surefire\common-java5\3.5.1\common-java5-3.5.1.jar"/>
    <property name="user.script" value=""/>
    <property name="sun.management.compiler" value="HotSpot 64-Bit Tiered Compilers"/>
    <property name="java.runtime.version" value="23+37-2369"/>
    <property name="user.name" value="benja"/>
    <property name="stdout.encoding" value="Cp1252"/>
    <property name="path.separator" value=";"/>
    <property name="os.version" value="10.0"/>
    <property name="java.runtime.name" value="Java(TM) SE Runtime Environment"/>
    <property name="file.encoding" value="UTF-8"/>
    <property name="java.vm.name" value="Java HotSpot(TM) 64-Bit Server VM"/>
    <property name="localRepository" value="C:\Users\benja\.m2\repository"/>
    <property name="java.vendor.url.bug" value="https://bugreport.java.com/bugreport/"/>
    <property name="java.io.tmpdir" value="C:\Users\benja\AppData\Local\Temp\"/>
    <property name="java.version" value="23"/>
    <property name="user.dir" value="C:\Users\benja\Documents\02161\02161-Software_Engineering\javaFX_project"/>
    <property name="os.arch" value="amd64"/>
    <property name="java.vm.specification.name" value="Java Virtual Machine Specification"/>
    <property name="sun.os.patch.level" value=""/>
    <property name="native.encoding" value="Cp1252"/>
    <property name="java.library.path" value="C:\Program Files\Java\jdk-23\bin;C:\WINDOWS\Sun\Java\bin;C:\WINDOWS\system32;C:\WINDOWS;C:\Program Files (x86)\Razer\ChromaBroadcast\bin;C:\Program Files\Razer\ChromaBroadcast\bin;C:\Program Files (x86)\Razer Chroma SDK\bin;C:\Program Files\Razer Chroma SDK\bin;C:\WINDOWS\System32;C:\Windows\system32;C:\Windows;C:\Windows\System32\Wbem;C:\Strawberry\perl\bin;C:\Users\benja\AppData\Local\bin\NASM;C:\Program Files\OpenSSL\bin;C:\Windows\system32;C:\Windows;C:\Windows\System32\Wbem;C:\Strawberry\perl\bin;C:\Users\benja\AppData\Local\bin\NASM;C:\Program Files\OpenSSL\bin;C:\Windows\system32;C:\Windows;C:\Windows\System32\Wbem;C:\Strawberry\perl\bin;C:\Users\benja\AppData\Local\bin\NASM;C:\Program Files\OpenSSL\bin;C:\WINDOWS\system32\config\systemprofile\AppData\Local\Microsoft\WindowsApps;C:\Users\benja\AppData\Local\Programs\Python\Python312;C:\Program Files\Common Files\Oracle\Java\javapath;C:\Program Files (x86)\Common Files\Oracle\Java\java8path;C:\Program Files (x86)\Common Files\Oracle\Java\javapath;C:\Program Files\Java\jdk-23\bin;C:\Program Files\Git\cmd;C:\Users\benja\AppData\Local\Programs\Python\Launcher\;C:\Users\benja\AppData\Local\Programs\Microsoft VS Code\bin;C:\Users\benja\AppData\Local\GitHubDesktop\bin;C:\Users\benja\AppData\Local\Programs\Python\Python3.12\Scripts\;C:\Users\benja\AppData\Roaming\Microsoft\Windows\Start Menu\Programs\Python 3.12;C:\Users\benja\AppData\Local\Programs\MiKTeX\miktex\bin\x64\;C:\Users\benja\AppData\Local\Microsoft\WindowsApps;C:\Windows\System32\OpenSSH;C:\Program Files\NVIDIA Corporation\NVIDIA app\NvDLISR;C:\apache-maven-3.9.9\bin;C:\Users\benja\AppData\Local\Programs\Python\Python312;C:\Program Files\Common Files\Oracle\Java\javapath;C:\Program Files (x86)\Common Files\Oracle\Java\java8path;C:\Program Files (x86)\Common Files\Oracle\Java\javapath;C:\Program Files (x86)\Razer\ChromaBroadcast\bin;C:\Program Files\Razer\ChromaBroadcast\bin;C:\Program Files (x86)\Razer Chroma SDK\bin;C:\Program Files\Razer Chroma SDK\bin;C:\WINDOWS\System32;C:\Windows\system32;C:\Windows;C:\Windows\System32\Wbem;C:\Strawberry\perl\bin;C:\Users\benja\AppData\Local\bin\NASM;C:\Program Files\OpenSSL\bin;C:\Windows\system32;C:\Windows;C:\Windows\System32\Wbem;C:\Strawberry\perl\bin;C:\Users\benja\AppData\Local\bin\NASM;C:\Program Files\OpenSSL\bin;C:\Windows\system32;C:\Windows;C:\Windows\System32\Wbem;C:\Strawberry\perl\bin;C:\Users\benja\AppData\Local\bin\NASM;C:\Program Files\OpenSSL\bin;C:\WINDOWS\system32\config\systemprofile\AppData\Local\Microsoft\WindowsApps;C:\Users\benja\AppData\Local\Programs\Python\Python312;C:\Program Files\Common Files\Oracle\Java\javapath;C:\Program Files (x86)\Common Files\Oracle\Java\java8path;C:\Program Files (x86)\Common Files\Oracle\Java\javapath;C:\Program Files\Java\jdk-23\bin;C:\Program Files\Git\cmd;C:\Users\benja\AppData\Local\Programs\Python\Launcher\;C:\Users\benja\AppData\Local\Programs\Microsoft VS Code\bin;C:\Users\benja\AppData\Local\GitHubDesktop\bin;C:\Users\benja\AppData\Local\Programs\Python\Python3.12\Scripts\;C:\Users\benja\AppData\Roaming\Microsoft\Windows\Start Menu\Programs\Python 3.12;C:\Users\benja\AppData\Local\Programs\MiKTeX\miktex\bin\x64\;C:\Users\benja\AppData\Local\Microsoft\WindowsApps;C:\Windows\System32\OpenSSH;C:\Program Files\NVIDIA Corporation\NVIDIA app\NvDLISR;C:\apache-maven-3.9.9\bin;;C:\Program Files\Java\jdk-23\bin;C:\Program Files\Git\cmd;C:\Users\benja\AppData\Local\Programs\Python\Launcher\;C:\Users\benja\AppData\Local\Programs\Microsoft VS Code\bin;C:\Users\benja\AppData\Local\GitHubDesktop\bin;C:\Users\benja\AppData\Local\Programs\Python\Python3.12\Scripts\;C:\Users\benja\AppData\Roaming\Microsoft\Windows\Start Menu\Programs\Python 3.12;C:\Users\benja\AppData\Local\Programs\MiKTeX\miktex\bin\x64\;C:\Users\benja\AppData\Local\Microsoft\WindowsApps;c:\Users\benja\AppData\Roaming\Code\User\globalStorage\github.copilot-chat\debugCommand;."/>
    <property name="java.vm.info" value="mixed mode"/>
    <property name="stderr.encoding" value="Cp1252"/>
    <property name="java.vendor" value="Oracle Corporation"/>
    <property name="java.vm.version" value="23+37-2369"/>
    <property name="sun.io.unicode.encoding" value="UnicodeLittle"/>
    <property name="java.class.version" value="67.0"/>
  </properties>
  <testcase name="Medarbejderhåndtering - En ny bruger logger ind" classname="Medarbejderhåndtering" time="0.115">
    <system-err><![CDATA[May 10, 2025 9:48:47 PM io.cucumber.junit.platform.engine.DiscoverySelectorResolver warnWhenCucumberFeaturesPropertyIsUsed
WARNING: Discovering tests using the cucumber.features property. Other discovery selectors are ignored!

This is a work around for the limited JUnit 5 support in Maven and Gradle. Please request/upvote/sponsor/ect better support for JUnit 5 discovery selectors. For details see: https://github.com/cucumber/cucumber-jvm/pull/2498

If you are using the JUnit 5 Suite Engine, Platform Launcher API or Console Launcher you should not use this property. Please consult the JUnit 5 documentation on test selection.
]]></system-err>
  </testcase>
  <testcase name="Medarbejderhåndtering - En eksisterende bruger logger ind" classname="Medarbejderhåndtering" time="0.009"/>
  <testcase name="Medarbejderhåndtering - Initialer er gyldige" classname="Medarbejderhåndtering" time="0.01"/>
  <testcase name="Medarbejderhåndtering - To medarbejdere med samme initialer er lig hinanden" classname="Medarbejderhåndtering" time="0.004"/>
  <testcase name="Medarbejderhåndtering - To medarbejdere med forskellige initialer er ikke lig hinanden" classname="Medarbejderhåndtering" time="0.011"/>
  <testcase name="Medarbejderhåndtering - Sammenligning med et objekt af en anden type" classname="Medarbejderhåndtering" time="0.007"/>
  <testcase name="Medarbejderhåndtering - Tjek om en medarbejder er projektleder" classname="Medarbejderhåndtering" time="0.004"/>
  <testcase name="Medarbejderhåndtering - Initialer er ugyldige - Examples - Example #1.1" classname="Medarbejderhåndtering - Initialer er ugyldige - Examples" time="0.007"/>
  <testcase name="Medarbejderhåndtering - Initialer er ugyldige - Examples - Example #1.2" classname="Medarbejderhåndtering - Initialer er ugyldige - Examples" time="0.005"/>
  <testcase name="Medarbejderhåndtering - Initialer er ugyldige - Examples - Example #1.3" classname="Medarbejderhåndtering - Initialer er ugyldige - Examples" time="0.005"/>
  <testcase name="Medarbejderhåndtering - Initialer er ugyldige - Examples - Example #1.4" classname="Medarbejderhåndtering - Initialer er ugyldige - Examples" time="0.005"/>
  <testcase name="Medarbejderhåndtering - Initialer er ugyldige - Examples - Example #1.5" classname="Medarbejderhåndtering - Initialer er ugyldige - Examples" time="0.005"/>
  <testcase name="Aktivitetshåndtering med status og tid - Aktivitet oprettes korrekt og viser metadata" classname="Aktivitetshåndtering med status og tid" time="0.023"/>
  <testcase name="Aktivitetshåndtering med status og tid - Medarbejder registrerer tid og færdiggørelse spores" classname="Aktivitetshåndtering med status og tid" time="0.02"/>
  <testcase name="Aktivitetshåndtering med status og tid - Statusflow for færdiggørelse, godkendelse og afvisning" classname="Aktivitetshåndtering med status og tid" time="0.005"/>
  <testcase name="Aktivitetshåndtering med status og tid - Projektlederen må oprette, men andre får fejl" classname="Aktivitetshåndtering med status og tid" time="0.004"/>
  <testcase name="Aktivitetshåndtering med status og tid - Fejl ved ikke-eksisterende projekt" classname="Aktivitetshåndtering med status og tid" time="0.004"/>
  <testcase name="Projekttilgængelighed og aktivitetstilknytning - Projektlederen kan se sit eget projekt" classname="Projekttilgængelighed og aktivitetstilknytning" time="0.004"/>
  <testcase name="Projekttilgængelighed og aktivitetstilknytning - En medarbejder tilknyttet til et projekt kan se det" classname="Projekttilgængelighed og aktivitetstilknytning" time="0.004"/>
  <testcase name="Projekttilgængelighed og aktivitetstilknytning - Medarbejder uden aktiviteter vises som ledig" classname="Projekttilgængelighed og aktivitetstilknytning" time="0.003"/>
  <testcase name="Projekttilgængelighed og aktivitetstilknytning - Medarbejder med én aktivitet vises korrekt" classname="Projekttilgængelighed og aktivitetstilknytning" time="0.004"/>
  <testcase name="Projekttilgængelighed og aktivitetstilknytning - Medarbejder med flere aktiviteter vises med alle aktiviteter" classname="Projekttilgængelighed og aktivitetstilknytning" time="0.005"/>
  <testcase name="Projekttilgængelighed og aktivitetstilknytning - Tjek om en aktivitet eksisterer i et projekt" classname="Projekttilgængelighed og aktivitetstilknytning" time="0.003"/>
  <testcase name="Projekttilgængelighed og aktivitetstilknytning - Tjek at en aktivitet ikke eksisterer i et projekt" classname="Projekttilgængelighed og aktivitetstilknytning" time="0.004"/>
  <testcase name="Projektoprettelse og medlemskab - En projektleder opretter et nyt projekt" classname="Projektoprettelse og medlemskab" time="0.004"/>
  <testcase name="Projektoprettelse og medlemskab - Projektlederen bliver automatisk tilføjet til sit eget projekt" classname="Projektoprettelse og medlemskab" time="0.004"/>
  <testcase name="Projektoprettelse og medlemskab - Fejl hvis man forsøger at oprette et projekt der allerede findes" classname="Projektoprettelse og medlemskab" time="0.003"/>
  <testcase name="Projektoprettelse og medlemskab - Forespørgsel på projektleder for ikke-eksisterende projekt" classname="Projektoprettelse og medlemskab" time="0.004"/>
  <testcase name="Projektoprettelse og medlemskab - Brugeren forsøger at hente projektleder på ikke-eksisterende projekt" classname="Projektoprettelse og medlemskab" time="0.003"/>
  <testcase name="Projektoprettelse og medlemskab - Hent alle projektnavne" classname="Projektoprettelse og medlemskab" time="0.003"/>
  <testcase name="Projektoprettelse og medlemskab - Kan ikke tildele medarbejder som ikke er en del af projektet" classname="Projektoprettelse og medlemskab" time="0.004"/>
  <testcase name="Projektoprettelse og medlemskab - Tilføj medarbejder til projekt og verificer medlemskab" classname="Projektoprettelse og medlemskab" time="0.004"/>
  <testcase name="Tidsregistrering og projektrapport - Medarbejder registrerer tid på aktivitet" classname="Tidsregistrering og projektrapport" time="0.009"/>
  <testcase name="Tidsregistrering og projektrapport - Ingen yderligere registrering hvis aktiviteten er godkendt" classname="Tidsregistrering og projektrapport" time="0.01"/>
  <testcase name="Tidsregistrering og projektrapport - Rapportfejl ved manglende projekt" classname="Tidsregistrering og projektrapport" time="0.006"/>
  <testcase name="Tidsregistrering og projektrapport - Rapportfejl hvis bruger ikke er projektleder" classname="Tidsregistrering og projektrapport" time="0.005"/>
  <testcase name="Tidsregistrering og projektrapport - Rapportfejl hvis projektet er tomt" classname="Tidsregistrering og projektrapport" time="0.005"/>
  <testcase name="Tidsregistrering og projektrapport - Udførlig projektrapport for aktivt projekt" classname="Tidsregistrering og projektrapport" time="0.016"/>
  <testcase name="Se aktiviteter i projektet - Projektleder ser alle aktiviteter i projektet" classname="Se aktiviteter i projektet" time="0.007"/>
  <testcase name="Se aktiviteter i projektet - Medarbejder ser sine tildelte aktiviteter" classname="Se aktiviteter i projektet" time="0.004"/>
</testsuite>